<?xml version="1.0" encoding="UTF-8"?>
<!-- Generated by org.testng.reporters.JUnitXMLReporter -->
<testsuite ignored="0" hostname="Yash-Laptop" failures="0" tests="27" name="TDD-Test" time="122.335" errors="0" timestamp="31 Jan. 2023 23:11:46 GMT">
  <testcase classname="com.qa.selenium.tests.contextPageTest" name="contextTest" time="0.263"/>
  <testcase classname="com.qa.selenium.tests.FileDownloadPageTest" name="checkDownloadTest" time="3.091"/>
  <testcase classname="com.qa.selenium.tests.NotificationMessagePageTest" name="notification" time="0.245"/>
  <testcase classname="com.qa.selenium.tests.DragAndDropPageTest" name="dragAndDropTest" time="2.168"/>
  <testcase classname="com.qa.selenium.tests.JavaScriptErrorPageTest" name="jserror" time="0.016"/>
  <testcase classname="com.qa.selenium.tests.NewTabPageTest" name="NewWindowTest" time="0.197"/>
  <testcase classname="com.qa.selenium.tests.IFramePageTest" name="InputText" time="7.433"/>
  <testcase classname="com.qa.selenium.tests.DropdownPageTest" name="option1Test" time="2.193"/>
  <testcase classname="com.qa.selenium.tests.DropdownPageTest" name="option2Test" time="2.192"/>
  <testcase classname="com.qa.selenium.tests.FloatingMenuPageTest" name="menuCheckTest" time="3.085"/>
  <testcase classname="com.qa.selenium.tests.DynamicLoadingPageTest" name="DynamicTest" time="5.235"/>
  <testcase classname="com.qa.selenium.tests.FileUploadPageTest" name="performeUpload" time="0.311"/>
  <testcase classname="com.qa.selenium.tests.DynamicContentPageTest" name="firstBoxTest" time="0.466"/>
  <testcase classname="com.qa.selenium.tests.DynamicControlPageTest" name="removeAddTest" time="11.662"/>
  <testcase classname="com.qa.selenium.tests.LoginPageTest" name="loginTestSucess" time="1.547"/>
  <testcase classname="com.qa.selenium.tests.MouseHoverPageTest" name="firstImgTest" time="2.193"/>
  <testcase classname="com.qa.selenium.tests.CheckBoxPageTest" name="CheckBox1Test" time="0.122"/>
  <testcase classname="com.qa.selenium.tests.JavascriptAlertPageTest" name="JSAlert" time="1.102"/>
  <testcase classname="com.qa.selenium.tests.DynamicContentPageTest" name="secondBoxTest" time="0.213"/>
  <testcase classname="com.qa.selenium.tests.DynamicControlPageTest" name="enableDisableTest" time="6.257"/>
  <testcase classname="com.qa.selenium.tests.LoginPageTest" name="loginTestFailure" time="1.567"/>
  <testcase classname="com.qa.selenium.tests.MouseHoverPageTest" name="secondImgTest" time="3.162"/>
  <testcase classname="com.qa.selenium.tests.CheckBoxPageTest" name="CheckBox2Test" time="0.123"/>
  <testcase classname="com.qa.selenium.tests.JavascriptAlertPageTest" name="JSConfirm" time="1.122"/>
  <testcase classname="com.qa.selenium.tests.DynamicContentPageTest" name="thirdBoxTest" time="0.22"/>
  <testcase classname="com.qa.selenium.tests.MouseHoverPageTest" name="thirdtImgTest" time="3.18"/>
  <testcase classname="com.qa.selenium.tests.JavascriptAlertPageTest" name="JSPrompt" time="1.144"/>
</testsuite> <!-- TDD-Test -->
