<?xml version="1.0" encoding="UTF-8"?>
<testng-results ignored="0" total="1" passed="1" failed="0" skipped="0">
  <reporter-output>
  </reporter-output>
  <suite started-at="2023-02-03T01:23:29Z" name="Default suite" finished-at="2023-02-03T01:23:32Z" duration-ms="2920">
    <groups>
    </groups>
    <test started-at="2023-02-03T01:23:29Z" name="Default test" finished-at="2023-02-03T01:23:32Z" duration-ms="2920">
      <class name="com.qa.selenium.tests.FileUploadPageTest">
        <test-method is-config="true" signature="setup()[pri:0, instance:com.qa.selenium.tests.FileUploadPageTest@5032714f]" started-at="2023-02-02T20:23:29Z" name="setup" finished-at="2023-02-02T20:23:32Z" duration-ms="2583" status="PASS">
          <reporter-output>
          </reporter-output>
        </test-method> <!-- setup -->
        <test-method signature="performeUpload()[pri:0, instance:com.qa.selenium.tests.FileUploadPageTest@5032714f]" started-at="2023-02-02T20:23:32Z" name="performeUpload" finished-at="2023-02-02T20:23:32Z" duration-ms="321" status="PASS">
          <reporter-output>
          </reporter-output>
        </test-method> <!-- performeUpload -->
      </class> <!-- com.qa.selenium.tests.FileUploadPageTest -->
    </test> <!-- Default test -->
  </suite> <!-- Default suite -->
</testng-results>
